<?xml version="1.0" encoding="UTF-8"?>
<!-- Generated by org.testng.reporters.JUnitReportReporter -->
<testsuite hostname="DESKTOP-QNQ8377" failures="0" tests="7" name="Product_Store.productStoreTestNG" time="70.688" errors="0" timestamp="2023-01-29T01:03:15 GMT+02:00" skipped="0">
  <testcase classname="Product_Store.productStoreTestNG" name="Check_The_Title" time="0.024"/>
  <system-out/>
  <testcase classname="Product_Store.productStoreTestNG" name="images_Slider_Check" time="0.214"/>
  <system-out/>
  <testcase classname="Product_Store.productStoreTestNG" name="Validate_Contact_Form_Information" time="3.006"/>
  <system-out/>
  <testcase classname="Product_Store.productStoreTestNG" name="SignUp_Login" time="11.837"/>
  <system-out/>
  <testcase classname="Product_Store.productStoreTestNG" name="Buy_Product" time="41.942"/>
  <system-out/>
  <testcase classname="Product_Store.productStoreTestNG" name="Check_Cart" time="3.323"/>
  <system-out/>
  <testcase classname="Product_Store.productStoreTestNG" name="Checkout" time="10.342"/>
  <system-out/>
</testsuite> <!-- Product_Store.productStoreTestNG -->
